ARM GAS  C:\Users\Moi\AppData\Local\Temp\ccs5D5ow.s 			page 1


   1              		.cpu cortex-m4
   2              		.eabi_attribute 27, 1
   3              		.eabi_attribute 28, 1
   4              		.eabi_attribute 20, 1
   5              		.eabi_attribute 21, 1
   6              		.eabi_attribute 23, 3
   7              		.eabi_attribute 24, 1
   8              		.eabi_attribute 25, 1
   9              		.eabi_attribute 26, 1
  10              		.eabi_attribute 30, 2
  11              		.eabi_attribute 34, 1
  12              		.eabi_attribute 18, 4
  13              		.file	"calibration.c"
  14              		.text
  15              	.Ltext0:
  16              		.cfi_sections	.debug_frame
  17              	.Letext0:
  18              		.section	.debug_line,"",%progbits
  19              	.Ldebug_line0:
  20              		.section	.debug_str,"MS",%progbits,1
  21              	.LASF0:
  22 0000 433A5C55 		.ascii	"C:\\Users\\Moi\\Documents\\_microinfo\\_projet\\hug"
  22      73657273 
  22      5C4D6F69 
  22      5C446F63 
  22      756D656E 
  23 002d 756900   		.ascii	"ui\000"
  24              	.LASF1:
  25 0030 474E5520 		.ascii	"GNU C11 7.2.1 20170904 (release) [ARM/embedded-7-br"
  25      43313120 
  25      372E322E 
  25      31203230 
  25      31373039 
  26 0063 616E6368 		.ascii	"anch revision 255204] -mcpu=cortex-m4 -mfloat-abi=h"
  26      20726576 
  26      6973696F 
  26      6E203235 
  26      35323034 
  27 0096 61726420 		.ascii	"ard -mfpu=fpv4-sp-d16 -mno-thumb-interwork -mthumb "
  27      2D6D6670 
  27      753D6670 
  27      76342D73 
  27      702D6431 
  28 00c9 2D676764 		.ascii	"-ggdb -O2 -fomit-frame-pointer -falign-functions=16"
  28      62202D4F 
  28      32202D66 
  28      6F6D6974 
  28      2D667261 
  29 00fc 202D6673 		.ascii	" -fstack-protector-all -ffunction-sections -fdata-s"
  29      7461636B 
  29      2D70726F 
  29      74656374 
  29      6F722D61 
  30 012f 65637469 		.ascii	"ections -fno-common -fsingle-precision-constant\000"
  30      6F6E7320 
  30      2D666E6F 
  30      2D636F6D 
ARM GAS  C:\Users\Moi\AppData\Local\Temp\ccs5D5ow.s 			page 2


  30      6D6F6E20 
  31              	.LASF2:
  32 015f 63616C69 		.ascii	"calibration.c\000"
  32      62726174 
  32      696F6E2E 
  32      6300
  33              		.ident	"GCC: (GNU Tools for Arm Embedded Processors 7-2017-q4-major) 7.2.1 20170904 (release) [ARM
ARM GAS  C:\Users\Moi\AppData\Local\Temp\ccs5D5ow.s 			page 3


DEFINED SYMBOLS
                            *ABS*:00000000 calibration.c

NO UNDEFINED SYMBOLS
